Analysis & Elaboration report for DE0_CV
Thu Apr 23 22:25:37 2026
Quartus Prime Version 19.1.0 Build 670 09/22/2019 SJ Lite Edition


---------------------
; Table of Contents ;
---------------------
  1. Legal Notice
  2. Analysis & Elaboration Summary
  3. Parallel Compilation
  4. Analysis & Elaboration Settings
  5. Port Connectivity Checks: "LSU:LSU_1"
  6. Analysis & Elaboration Messages
  7. Analysis & Elaboration Suppressed Messages



----------------
; Legal Notice ;
----------------
Copyright (C) 2019  Intel Corporation. All rights reserved.
Your use of Intel Corporation's design tools, logic functions 
and other software and tools, and any partner logic 
functions, and any output files from any of the foregoing 
(including device programming or simulation files), and any 
associated documentation or information are expressly subject 
to the terms and conditions of the Intel Program License 
Subscription Agreement, the Intel Quartus Prime License Agreement,
the Intel FPGA IP License Agreement, or other applicable license
agreement, including, without limitation, that your use is for
the sole purpose of programming logic devices manufactured by
Intel and sold by Intel or its authorized distributors.  Please
refer to the applicable agreement for further details, at
https://fpgasoftware.intel.com/eula.



+-----------------------------------------------------------------------------+
; Analysis & Elaboration Summary                                              ;
+-------------------------------+---------------------------------------------+
; Analysis & Elaboration Status ; Successful - Thu Apr 23 22:25:37 2026       ;
; Quartus Prime Version         ; 19.1.0 Build 670 09/22/2019 SJ Lite Edition ;
; Revision Name                 ; DE0_CV                                      ;
; Top-level Entity Name         ; RISC_V                                      ;
; Family                        ; Cyclone V                                   ;
; Logic utilization (in ALMs)   ; N/A until Partition Merge                   ;
; Total registers               ; N/A until Partition Merge                   ;
; Total pins                    ; N/A until Partition Merge                   ;
; Total virtual pins            ; N/A until Partition Merge                   ;
; Total block memory bits       ; N/A until Partition Merge                   ;
; Total PLLs                    ; N/A until Partition Merge                   ;
; Total DLLs                    ; N/A until Partition Merge                   ;
+-------------------------------+---------------------------------------------+


+------------------------------------------+
; Parallel Compilation                     ;
+----------------------------+-------------+
; Processors                 ; Number      ;
+----------------------------+-------------+
; Number detected on machine ; 8           ;
; Maximum allowed            ; 4           ;
;                            ;             ;
; Average used               ; 1.00        ;
; Maximum used               ; 1           ;
;                            ;             ;
; Usage by Processor         ; % Time Used ;
;     Processor 1            ; 100.0%      ;
+----------------------------+-------------+


+---------------------------------------------------------------------------------------------------------------------------+
; Analysis & Elaboration Settings                                                                                           ;
+---------------------------------------------------------------------------------+--------------------+--------------------+
; Option                                                                          ; Setting            ; Default Value      ;
+---------------------------------------------------------------------------------+--------------------+--------------------+
; Device                                                                          ; 5CEBA4F23C7        ;                    ;
; Top-level entity name                                                           ; RISC_V             ; DE0_CV             ;
; Family name                                                                     ; Cyclone V          ; Cyclone V          ;
; Use smart compilation                                                           ; Off                ; Off                ;
; Enable parallel Assembler and Timing Analyzer during compilation                ; On                 ; On                 ;
; Enable compact report table                                                     ; Off                ; Off                ;
; Restructure Multiplexers                                                        ; Auto               ; Auto               ;
; MLAB Add Timing Constraints For Mixed-Port Feed-Through Mode Setting Don't Care ; Off                ; Off                ;
; Create Debugging Nodes for IP Cores                                             ; Off                ; Off                ;
; Preserve fewer node names                                                       ; On                 ; On                 ;
; Intel FPGA IP Evaluation Mode                                                   ; Enable             ; Enable             ;
; Verilog Version                                                                 ; Verilog_2001       ; Verilog_2001       ;
; VHDL Version                                                                    ; VHDL_1993          ; VHDL_1993          ;
; State Machine Processing                                                        ; Auto               ; Auto               ;
; Safe State Machine                                                              ; Off                ; Off                ;
; Extract Verilog State Machines                                                  ; On                 ; On                 ;
; Extract VHDL State Machines                                                     ; On                 ; On                 ;
; Ignore Verilog initial constructs                                               ; Off                ; Off                ;
; Iteration limit for constant Verilog loops                                      ; 5000               ; 5000               ;
; Iteration limit for non-constant Verilog loops                                  ; 250                ; 250                ;
; Add Pass-Through Logic to Inferred RAMs                                         ; On                 ; On                 ;
; Infer RAMs from Raw Logic                                                       ; On                 ; On                 ;
; Parallel Synthesis                                                              ; On                 ; On                 ;
; DSP Block Balancing                                                             ; Auto               ; Auto               ;
; NOT Gate Push-Back                                                              ; On                 ; On                 ;
; Power-Up Don't Care                                                             ; On                 ; On                 ;
; Remove Redundant Logic Cells                                                    ; Off                ; Off                ;
; Remove Duplicate Registers                                                      ; On                 ; On                 ;
; Ignore CARRY Buffers                                                            ; Off                ; Off                ;
; Ignore CASCADE Buffers                                                          ; Off                ; Off                ;
; Ignore GLOBAL Buffers                                                           ; Off                ; Off                ;
; Ignore ROW GLOBAL Buffers                                                       ; Off                ; Off                ;
; Ignore LCELL Buffers                                                            ; Off                ; Off                ;
; Ignore SOFT Buffers                                                             ; On                 ; On                 ;
; Limit AHDL Integers to 32 Bits                                                  ; Off                ; Off                ;
; Optimization Technique                                                          ; Balanced           ; Balanced           ;
; Carry Chain Length                                                              ; 70                 ; 70                 ;
; Auto Carry Chains                                                               ; On                 ; On                 ;
; Auto Open-Drain Pins                                                            ; On                 ; On                 ;
; Perform WYSIWYG Primitive Resynthesis                                           ; Off                ; Off                ;
; Auto ROM Replacement                                                            ; On                 ; On                 ;
; Auto RAM Replacement                                                            ; On                 ; On                 ;
; Auto DSP Block Replacement                                                      ; On                 ; On                 ;
; Auto Shift Register Replacement                                                 ; Auto               ; Auto               ;
; Allow Shift Register Merging across Hierarchies                                 ; Auto               ; Auto               ;
; Auto Clock Enable Replacement                                                   ; On                 ; On                 ;
; Strict RAM Replacement                                                          ; Off                ; Off                ;
; Allow Synchronous Control Signals                                               ; On                 ; On                 ;
; Force Use of Synchronous Clear Signals                                          ; Off                ; Off                ;
; Auto Resource Sharing                                                           ; Off                ; Off                ;
; Allow Any RAM Size For Recognition                                              ; Off                ; Off                ;
; Allow Any ROM Size For Recognition                                              ; Off                ; Off                ;
; Allow Any Shift Register Size For Recognition                                   ; Off                ; Off                ;
; Use LogicLock Constraints during Resource Balancing                             ; On                 ; On                 ;
; Ignore translate_off and synthesis_off directives                               ; Off                ; Off                ;
; Timing-Driven Synthesis                                                         ; On                 ; On                 ;
; Report Parameter Settings                                                       ; On                 ; On                 ;
; Report Source Assignments                                                       ; On                 ; On                 ;
; Report Connectivity Checks                                                      ; On                 ; On                 ;
; Ignore Maximum Fan-Out Assignments                                              ; Off                ; Off                ;
; Synchronization Register Chain Length                                           ; 3                  ; 3                  ;
; Power Optimization During Synthesis                                             ; Normal compilation ; Normal compilation ;
; HDL message level                                                               ; Level2             ; Level2             ;
; Suppress Register Optimization Related Messages                                 ; Off                ; Off                ;
; Number of Removed Registers Reported in Synthesis Report                        ; 5000               ; 5000               ;
; Number of Swept Nodes Reported in Synthesis Report                              ; 5000               ; 5000               ;
; Number of Inverted Registers Reported in Synthesis Report                       ; 100                ; 100                ;
; Clock MUX Protection                                                            ; On                 ; On                 ;
; Auto Gated Clock Conversion                                                     ; Off                ; Off                ;
; Block Design Naming                                                             ; Auto               ; Auto               ;
; SDC constraint protection                                                       ; Off                ; Off                ;
; Synthesis Effort                                                                ; Auto               ; Auto               ;
; Shift Register Replacement - Allow Asynchronous Clear Signal                    ; On                 ; On                 ;
; Pre-Mapping Resynthesis Optimization                                            ; Off                ; Off                ;
; Analysis & Synthesis Message Level                                              ; Medium             ; Medium             ;
; Disable Register Merging Across Hierarchies                                     ; Auto               ; Auto               ;
; Resource Aware Inference For Block RAM                                          ; On                 ; On                 ;
; Automatic Parallel Synthesis                                                    ; On                 ; On                 ;
; Partial Reconfiguration Bitstream ID                                            ; Off                ; Off                ;
+---------------------------------------------------------------------------------+--------------------+--------------------+


+----------------------------------------------------------------------------------------------------------------------------------------------------------------------------+
; Port Connectivity Checks: "LSU:LSU_1"                                                                                                                                      ;
+--------+-------+----------+------------------------------------------------------------------------------------------------------------------------------------------------+
; Port   ; Type  ; Severity ; Details                                                                                                                                        ;
+--------+-------+----------+------------------------------------------------------------------------------------------------------------------------------------------------+
; funct3 ; Input ; Warning  ; Input port expression (1 bits) is smaller than the input port (3 bits) it drives.  Extra input bit(s) "funct3[2..1]" will be connected to GND. ;
+--------+-------+----------+------------------------------------------------------------------------------------------------------------------------------------------------+


+---------------------------------+
; Analysis & Elaboration Messages ;
+---------------------------------+
Info: *******************************************************************
Info: Running Quartus Prime Analysis & Elaboration
    Info: Version 19.1.0 Build 670 09/22/2019 SJ Lite Edition
    Info: Processing started: Thu Apr 23 22:25:27 2026
Info: Command: quartus_map --read_settings_files=on --write_settings_files=off DE0_CV -c DE0_CV --analysis_and_elaboration
Warning (18236): Number of processors has not been specified which may cause overloading on shared machines.  Set the global assignment NUM_PARALLEL_PROCESSORS in your QSF to an appropriate value for best performance.
Info (20030): Parallel compilation is enabled and will use 4 of the 4 processors detected
Info (12021): Found 1 design units, including 1 entities, in source file design/bootloader.sv
    Info (12023): Found entity 1: bootloader File: C:/Users/88691/Desktop/IC_project/DE0_CV/design/bootloader.sv Line: 3
Info (12021): Found 1 design units, including 1 entities, in source file design/top.sv
    Info (12023): Found entity 1: top File: C:/Users/88691/Desktop/IC_project/DE0_CV/design/top.sv Line: 1
Info (12021): Found 1 design units, including 1 entities, in source file /users/88691/desktop/ic_project/mx25l1006e.v
    Info (12023): Found entity 1: MX25L1006E File: C:/Users/88691/Desktop/IC_project/MX25L1006E.v Line: 46
Info (12021): Found 1 design units, including 1 entities, in source file simulation/tb/testbench.sv
    Info (12023): Found entity 1: testbench File: C:/Users/88691/Desktop/IC_project/DE0_CV/simulation/tb/testbench.sv Line: 2
Info (12021): Found 1 design units, including 1 entities, in source file design/risc_v.sv
    Info (12023): Found entity 1: RISC_V File: C:/Users/88691/Desktop/IC_project/DE0_CV/design/RISC_V.sv Line: 3
Info (12021): Found 1 design units, including 1 entities, in source file design/de0_cv.sv
    Info (12023): Found entity 1: DE0_CV File: C:/Users/88691/Desktop/IC_project/DE0_CV/design/DE0_CV.sv Line: 6
Info (12021): Found 1 design units, including 1 entities, in source file design/seven_segment_display.sv
    Info (12023): Found entity 1: seven_segment_display File: C:/Users/88691/Desktop/IC_project/DE0_CV/design/seven_segment_display.sv Line: 2
Info (12021): Found 1 design units, including 1 entities, in source file design/program_rom.sv
    Info (12023): Found entity 1: Program_Rom File: C:/Users/88691/Desktop/IC_project/DE0_CV/design/Program_Rom.sv Line: 1
Info (12021): Found 1 design units, including 1 entities, in source file design/reg_file.sv
    Info (12023): Found entity 1: Reg_file File: C:/Users/88691/Desktop/IC_project/DE0_CV/design/Reg_file.sv Line: 2
Info (12021): Found 2 design units, including 2 entities, in source file design/lsu.sv
    Info (12023): Found entity 1: LSU File: C:/Users/88691/Desktop/IC_project/DE0_CV/design/LSU.sv Line: 3
    Info (12023): Found entity 2: RAM File: C:/Users/88691/Desktop/IC_project/DE0_CV/design/LSU.sv Line: 221
Info (12021): Found 0 design units, including 0 entities, in source file design/defines.sv
Info (12021): Found 1 design units, including 1 entities, in source file design/clock_divider.sv
    Info (12023): Found entity 1: clock_divider File: C:/Users/88691/Desktop/IC_project/DE0_CV/design/clock_divider.sv Line: 2
Info (12021): Found 1 design units, including 1 entities, in source file simulation/tb/testbench_de0_cv.sv
    Info (12023): Found entity 1: testbench_DE0_CV File: C:/Users/88691/Desktop/IC_project/DE0_CV/simulation/tb/testbench_DE0_CV.sv Line: 1
Info (12127): Elaborating entity "RISC_V" for the top level hierarchy
Warning (10958): SystemVerilog warning at RISC_V.sv(132): unique or priority keyword makes case statement complete File: C:/Users/88691/Desktop/IC_project/DE0_CV/design/RISC_V.sv Line: 132
Warning (10958): SystemVerilog warning at RISC_V.sv(225): unique or priority keyword makes case statement complete File: C:/Users/88691/Desktop/IC_project/DE0_CV/design/RISC_V.sv Line: 225
Warning (10958): SystemVerilog warning at RISC_V.sv(240): unique or priority keyword makes case statement complete File: C:/Users/88691/Desktop/IC_project/DE0_CV/design/RISC_V.sv Line: 240
Warning (10958): SystemVerilog warning at RISC_V.sv(237): unique or priority keyword makes case statement complete File: C:/Users/88691/Desktop/IC_project/DE0_CV/design/RISC_V.sv Line: 237
Warning (10958): SystemVerilog warning at RISC_V.sv(279): unique or priority keyword makes case statement complete File: C:/Users/88691/Desktop/IC_project/DE0_CV/design/RISC_V.sv Line: 279
Warning (10958): SystemVerilog warning at RISC_V.sv(366): unique or priority keyword makes case statement complete File: C:/Users/88691/Desktop/IC_project/DE0_CV/design/RISC_V.sv Line: 366
Warning (10958): SystemVerilog warning at RISC_V.sv(377): unique or priority keyword makes case statement complete File: C:/Users/88691/Desktop/IC_project/DE0_CV/design/RISC_V.sv Line: 377
Warning (10958): SystemVerilog warning at RISC_V.sv(210): unique or priority keyword makes case statement complete File: C:/Users/88691/Desktop/IC_project/DE0_CV/design/RISC_V.sv Line: 210
Warning (10958): SystemVerilog warning at RISC_V.sv(191): unique or priority keyword makes case statement complete File: C:/Users/88691/Desktop/IC_project/DE0_CV/design/RISC_V.sv Line: 191
Warning (10958): SystemVerilog warning at RISC_V.sv(500): unique or priority keyword makes case statement complete File: C:/Users/88691/Desktop/IC_project/DE0_CV/design/RISC_V.sv Line: 500
Warning (10958): SystemVerilog warning at RISC_V.sv(511): unique or priority keyword makes case statement complete File: C:/Users/88691/Desktop/IC_project/DE0_CV/design/RISC_V.sv Line: 511
Warning (10230): Verilog HDL assignment warning at RISC_V.sv(548): truncated value with size 32 to match size of target (1) File: C:/Users/88691/Desktop/IC_project/DE0_CV/design/RISC_V.sv Line: 548
Warning (10230): Verilog HDL assignment warning at RISC_V.sv(549): truncated value with size 32 to match size of target (1) File: C:/Users/88691/Desktop/IC_project/DE0_CV/design/RISC_V.sv Line: 549
Warning (10230): Verilog HDL assignment warning at RISC_V.sv(550): truncated value with size 32 to match size of target (1) File: C:/Users/88691/Desktop/IC_project/DE0_CV/design/RISC_V.sv Line: 550
Warning (10230): Verilog HDL assignment warning at RISC_V.sv(551): truncated value with size 32 to match size of target (1) File: C:/Users/88691/Desktop/IC_project/DE0_CV/design/RISC_V.sv Line: 551
Warning (10230): Verilog HDL assignment warning at RISC_V.sv(552): truncated value with size 32 to match size of target (1) File: C:/Users/88691/Desktop/IC_project/DE0_CV/design/RISC_V.sv Line: 552
Warning (10230): Verilog HDL assignment warning at RISC_V.sv(553): truncated value with size 32 to match size of target (1) File: C:/Users/88691/Desktop/IC_project/DE0_CV/design/RISC_V.sv Line: 553
Warning (10958): SystemVerilog warning at RISC_V.sv(547): unique or priority keyword makes case statement complete File: C:/Users/88691/Desktop/IC_project/DE0_CV/design/RISC_V.sv Line: 547
Warning (10230): Verilog HDL assignment warning at RISC_V.sv(613): truncated value with size 3 to match size of target (1) File: C:/Users/88691/Desktop/IC_project/DE0_CV/design/RISC_V.sv Line: 613
Info (12128): Elaborating entity "Program_Rom" for hierarchy "Program_Rom:u_Program_Rom" File: C:/Users/88691/Desktop/IC_project/DE0_CV/design/RISC_V.sv Line: 98
Info (12128): Elaborating entity "Reg_file" for hierarchy "Reg_file:u_Reg_file" File: C:/Users/88691/Desktop/IC_project/DE0_CV/design/RISC_V.sv Line: 158
Info (12128): Elaborating entity "LSU" for hierarchy "LSU:LSU_1" File: C:/Users/88691/Desktop/IC_project/DE0_CV/design/RISC_V.sv Line: 496
Warning (10230): Verilog HDL assignment warning at LSU.sv(40): truncated value with size 32 to match size of target (30) File: C:/Users/88691/Desktop/IC_project/DE0_CV/design/LSU.sv Line: 40
Warning (10958): SystemVerilog warning at LSU.sv(100): unique or priority keyword makes case statement complete File: C:/Users/88691/Desktop/IC_project/DE0_CV/design/LSU.sv Line: 100
Warning (10958): SystemVerilog warning at LSU.sv(176): unique or priority keyword makes case statement complete File: C:/Users/88691/Desktop/IC_project/DE0_CV/design/LSU.sv Line: 176
Info (12128): Elaborating entity "RAM" for hierarchy "LSU:LSU_1|RAM:ram_0" File: C:/Users/88691/Desktop/IC_project/DE0_CV/design/LSU.sv Line: 145
Warning (12241): 1 hierarchies have connectivity warnings - see the Connectivity Checks report folder
Info (144001): Generated suppressed messages file C:/Users/88691/Desktop/IC_project/DE0_CV/DE0_CV.map.smsg
Info: Quartus Prime Analysis & Elaboration was successful. 0 errors, 24 warnings
    Info: Peak virtual memory: 4793 megabytes
    Info: Processing ended: Thu Apr 23 22:25:37 2026
    Info: Elapsed time: 00:00:10
    Info: Total CPU time (on all processors): 00:00:24


+--------------------------------------------+
; Analysis & Elaboration Suppressed Messages ;
+--------------------------------------------+
The suppressed messages can be found in C:/Users/88691/Desktop/IC_project/DE0_CV/DE0_CV.map.smsg.


